<?xml version="1.0"?><coverage lines-covered="956" lines-valid="1473" line-rate="0.6490156143923965" branches-covered="0" branches-valid="0" branch-rate="0" complexity="0" version="1.9" timestamp="1768111973"><sources><source>E:\PJR\GoatDB</source></sources><packages><package name="src\bin" line-rate="0" branch-rate="0" complexity="0"><classes><class name="goatkv_client" filename="src\bin\goatkv_client.rs" line-rate="0" branch-rate="0" complexity="0"><methods/><lines><line number="15" hits="0"/><line number="16" hits="0"/><line number="17" hits="0"/><line number="18" hits="0"/><line number="19" hits="0"/><line number="20" hits="0"/><line number="21" hits="0"/><line number="23" hits="0"/><line number="24" hits="0"/><line number="25" hits="0"/><line number="26" hits="0"/><line number="27" hits="0"/><line number="30" hits="0"/><line number="31" hits="0"/><line number="32" hits="0"/><line number="35" hits="0"/><line number="36" hits="0"/><line number="37" hits="0"/><line number="38" hits="0"/><line number="39" hits="0"/><line number="40" hits="0"/><line number="42" hits="0"/><line number="45" hits="0"/><line number="46" hits="0"/><line number="47" hits="0"/><line number="48" hits="0"/><line number="51" hits="0"/><line number="52" hits="0"/><line number="57" hits="0"/><line number="58" hits="0"/><line number="61" hits="0"/><line number="111" hits="0"/><line number="114" hits="0"/><line number="115" hits="0"/><line number="116" hits="0"/><line number="117" hits="0"/><line number="119" hits="0"/><line number="120" hits="0"/><line number="123" hits="0"/><line number="124" hits="0"/><line number="128" hits="0"/><line number="129" hits="0"/><line number="130" hits="0"/><line number="131" hits="0"/><line number="132" hits="0"/><line number="133" hits="0"/><line number="136" hits="0"/><line number="138" hits="0"/><line number="139" hits="0"/><line number="140" hits="0"/><line number="141" hits="0"/><line number="143" hits="0"/><line number="144" hits="0"/><line number="145" hits="0"/><line number="149" hits="0"/><line number="150" hits="0"/><line number="151" hits="0"/><line number="155" hits="0"/><line number="157" hits="0"/><line number="158" hits="0"/><line number="159" hits="0"/><line number="160" hits="0"/><line number="161" hits="0"/><line number="162" hits="0"/><line number="164" hits="0"/><line number="165" hits="0"/><line number="166" hits="0"/><line number="168" hits="0"/><line number="172" hits="0"/><line number="173" hits="0"/><line number="179" hits="0"/><line number="180" hits="0"/><line number="183" hits="0"/><line number="184" hits="0"/><line number="186" hits="0"/><line number="187" hits="0"/><line number="188" hits="0"/><line number="194" hits="0"/><line number="195" hits="0"/><line number="199" hits="0"/><line number="200" hits="0"/><line number="201" hits="0"/><line number="202" hits="0"/><line number="203" hits="0"/><line number="204" hits="0"/><line number="205" hits="0"/><line number="206" hits="0"/><line number="207" hits="0"/><line number="208" hits="0"/><line number="209" hits="0"/><line number="210" hits="0"/><line number="211" hits="0"/><line number="212" hits="0"/><line number="213" hits="0"/><line number="217" hits="0"/><line number="221" hits="0"/><line number="222" hits="0"/><line number="225" hits="0"/><line number="226" hits="0"/><line number="228" hits="0"/><line number="229" hits="0"/><line number="230" hits="0"/><line number="232" hits="0"/><line number="233" hits="0"/><line number="235" hits="0"/><line number="238" hits="0"/><line number="242" hits="0"/><line number="246" hits="0"/><line number="247" hits="0"/><line number="250" hits="0"/><line number="252" hits="0"/><line number="253" hits="0"/><line number="254" hits="0"/><line number="256" hits="0"/><line number="257" hits="0"/><line number="258" hits="0"/><line number="260" hits="0"/><line number="263" hits="0"/><line number="267" hits="0"/><line number="271" hits="0"/><line number="272" hits="0"/><line number="275" hits="0"/><line number="276" hits="0"/><line number="278" hits="0"/><line number="279" hits="0"/><line number="280" hits="0"/><line number="282" hits="0"/><line number="283" hits="0"/><line number="285" hits="0"/><line number="288" hits="0"/><line number="292" hits="0"/><line number="296" hits="0"/><line number="297" hits="0"/><line number="300" hits="0"/><line number="302" hits="0"/><line number="303" hits="0"/><line number="304" hits="0"/><line number="306" hits="0"/><line number="307" hits="0"/><line number="309" hits="0"/><line number="312" hits="0"/><line number="316" hits="0"/><line number="319" hits="0"/><line number="320" hits="0"/><line number="321" hits="0"/><line number="323" hits="0"/><line number="324" hits="0"/><line number="326" hits="0"/><line number="329" hits="0"/><line number="333" hits="0"/><line number="337" hits="0"/><line number="338" hits="0"/><line number="339" hits="0"/><line number="340" hits="0"/><line number="342" hits="0"/><line number="343" hits="0"/><line number="344" hits="0"/><line number="346" hits="0"/><line number="347" hits="0"/><line number="348" hits="0"/><line number="350" hits="0"/><line number="351" hits="0"/><line number="352" hits="0"/><line number="354" hits="0"/><line number="359" hits="0"/><line number="362" hits="0"/><line number="364" hits="0"/><line number="367" hits="0"/><line number="368" hits="0"/><line number="371" hits="0"/><line number="373" hits="0"/><line number="374" hits="0"/><line number="378" hits="0"/><line number="379" hits="0"/><line number="382" hits="0"/><line number="384" hits="0"/><line number="385" hits="0"/><line number="386" hits="0"/><line number="387" hits="0"/><line number="388" hits="0"/><line number="390" hits="0"/><line number="391" hits="0"/><line number="392" hits="0"/><line number="393" hits="0"/><line number="395" hits="0"/><line number="396" hits="0"/><line number="397" hits="0"/><line number="398" hits="0"/><line number="399" hits="0"/><line number="403" hits="0"/><line number="405" hits="0"/><line number="406" hits="0"/><line number="408" hits="0"/><line number="410" hits="0"/><line number="412" hits="0"/></lines></class><class name="goatkv_server" filename="src\bin\goatkv_server.rs" line-rate="0" branch-rate="0" complexity="0"><methods/><lines><line number="25" hits="0"/><line number="27" hits="0"/><line number="62" hits="0"/><line number="172" hits="0"/><line number="174" hits="0"/><line number="188" hits="0"/><line number="190" hits="0"/><line number="192" hits="0"/><line number="195" hits="0"/><line number="197" hits="0"/><line number="198" hits="0"/><line number="199" hits="0"/><line number="201" hits="0"/><line number="204" hits="0"/><line number="205" hits="0"/><line number="207" hits="0"/><line number="209" hits="0"/><line number="210" hits="0"/><line number="212" hits="0"/><line number="213" hits="0"/><line number="214" hits="0"/><line number="215" hits="0"/><line number="217" hits="0"/><line number="219" hits="0"/></lines></class></classes></package><package name="src\goatkv\utils" line-rate="0.8164556962025317" branch-rate="0" complexity="0"><classes><class name="db_path_manager" filename="src\goatkv\utils\db_path_manager.rs" line-rate="0.7984496124031008" branch-rate="0" complexity="0"><methods/><lines><line number="36" hits="1297036692682702848"/><line number="37" hits="3891110078048108544"/><line number="40" hits="2594073385365405696"/><line number="41" hits="2594073385365405696"/><line number="42" hits="2594073385365405696"/><line number="43" hits="2594073385365405696"/><line number="54" hits="2594073385365405696"/><line number="56" hits="1297036692682702848"/><line number="68" hits="72057594037927936"/><line number="71" hits="144115188075855872"/><line number="72" hits="144115188075855872"/><line number="73" hits="216172782113783808"/><line number="74" hits="72057594037927936"/><line number="75" hits="144115188075855872"/><line number="76" hits="72057594037927936"/><line number="77" hits="72057594037927936"/><line number="78" hits="72057594037927936"/><line number="81" hits="144115188075855872"/><line number="85" hits="1297036692682702848"/><line number="87" hits="1297036692682702848"/><line number="88" hits="144115188075855872"/><line number="92" hits="5188146770730811392"/><line number="94" hits="7782220156096217088"/><line number="95" hits="5188146770730811392"/><line number="96" hits="6341068275337658368"/><line number="100" hits="1297036692682702848"/><line number="104" hits="360287970189639680"/><line number="105" hits="360287970189639680"/><line number="109" hits="0"/><line number="110" hits="0"/><line number="114" hits="720575940379279360"/><line number="115" hits="720575940379279360"/><line number="119" hits="576460752303423488"/><line number="120" hits="576460752303423488"/><line number="124" hits="216172782113783808"/><line number="125" hits="216172782113783808"/><line number="129" hits="288230376151711744"/><line number="130" hits="288230376151711744"/><line number="134" hits="648518346341351424"/><line number="135" hits="648518346341351424"/><line number="139" hits="72057594037927936"/><line number="140" hits="216172782113783808"/><line number="144" hits="72057594037927936"/><line number="145" hits="216172782113783808"/><line number="149" hits="72057594037927936"/><line number="152" hits="216172782113783808"/><line number="153" hits="72057594037927936"/><line number="157" hits="216172782113783808"/><line number="158" hits="144115188075855872"/><line number="162" hits="0"/><line number="163" hits="0"/><line number="167" hits="0"/><line number="168" hits="0"/><line number="172" hits="0"/><line number="173" hits="0"/><line number="177" hits="0"/><line number="178" hits="0"/><line number="182" hits="216172782113783808"/><line number="183" hits="648518346341351424"/><line number="187" hits="72057594037927936"/><line number="188" hits="72057594037927936"/><line number="190" hits="360287970189639680"/><line number="191" hits="432345564227567616"/><line number="192" hits="648518346341351424"/><line number="194" hits="216172782113783808"/><line number="195" hits="288230376151711744"/><line number="196" hits="72057594037927936"/><line number="197" hits="144115188075855872"/><line number="202" hits="72057594037927936"/><line number="206" hits="0"/><line number="207" hits="0"/><line number="211" hits="0"/><line number="212" hits="0"/><line number="216" hits="0"/><line number="217" hits="0"/><line number="221" hits="0"/><line number="222" hits="0"/><line number="223" hits="0"/><line number="224" hits="0"/><line number="226" hits="0"/><line number="231" hits="216172782113783808"/><line number="236" hits="216172782113783808"/><line number="240" hits="432345564227567616"/><line number="241" hits="2161727821137838080"/><line number="242" hits="4323455642275676160"/><line number="243" hits="4323455642275676160"/><line number="244" hits="6629298651489370112"/><line number="245" hits="4611686018427387904"/><line number="246" hits="6917529027641081856"/><line number="247" hits="2305843009213693952"/><line number="248" hits="1729382256910270464"/><line number="249" hits="1729382256910270464"/><line number="250" hits="3458764513820540928"/><line number="254" hits="2161727821137838080"/><line number="257" hits="864691128455135232"/><line number="261" hits="216172782113783808"/><line number="262" hits="216172782113783808"/><line number="263" hits="648518346341351424"/><line number="264" hits="0"/><line number="269" hits="216172782113783808"/><line number="271" hits="432345564227567616"/><line number="272" hits="432345564227567616"/><line number="274" hits="504403158265495552"/><line number="275" hits="72057594037927936"/><line number="276" hits="72057594037927936"/><line number="279" hits="648518346341351424"/><line number="283" hits="144115188075855872"/><line number="284" hits="144115188075855872"/><line number="285" hits="0"/><line number="286" hits="144115188075855872"/><line number="291" hits="0"/><line number="292" hits="0"/><line number="293" hits="0"/><line number="298" hits="144115188075855872"/><line number="300" hits="288230376151711744"/><line number="301" hits="288230376151711744"/><line number="302" hits="288230376151711744"/><line number="303" hits="288230376151711744"/><line number="304" hits="288230376151711744"/><line number="305" hits="144115188075855872"/><line number="308" hits="1297036692682702848"/><line number="309" hits="504403158265495552"/><line number="310" hits="144115188075855872"/><line number="311" hits="144115188075855872"/><line number="312" hits="72057594037927936"/><line number="317" hits="864691128455135232"/><line number="320" hits="72057594037927936"/><line number="324" hits="72057594037927936"/><line number="325" hits="72057594037927936"/></lines></class><class name="options" filename="src\goatkv\utils\options.rs" line-rate="0.9565217391304348" branch-rate="0" complexity="0"><methods/><lines><line number="50" hits="432345564227567616"/><line number="51" hits="1297036692682702848"/><line number="52" hits="864691128455135232"/><line number="56" hits="432345564227567616"/><line number="65" hits="72057594037927936"/><line number="66" hits="72057594037927936"/><line number="70" hits="72057594037927936"/><line number="71" hits="216172782113783808"/><line number="72" hits="72057594037927936"/><line number="76" hits="72057594037927936"/><line number="77" hits="72057594037927936"/><line number="78" hits="72057594037927936"/><line number="82" hits="72057594037927936"/><line number="83" hits="72057594037927936"/><line number="84" hits="72057594037927936"/><line number="88" hits="72057594037927936"/><line number="89" hits="72057594037927936"/><line number="90" hits="72057594037927936"/><line number="98" hits="576460752303423488"/><line number="102" hits="1152921504606846976"/><line number="103" hits="576460752303423488"/><line number="104" hits="0"/><line number="109" hits="576460752303423488"/></lines></class><class name="sequence_number" filename="src\goatkv\utils\sequence_number.rs" line-rate="0.6666666666666666" branch-rate="0" complexity="0"><methods/><lines><line number="9" hits="0"/><line number="10" hits="0"/><line number="15" hits="504403158265495552"/><line number="17" hits="504403158265495552"/><line number="21" hits="1152921504606846976"/><line number="22" hits="3458764513820540928"/></lines></class></classes></package><package name="src\goatkv" line-rate="0.7623604465709729" branch-rate="0" complexity="0"><classes></classes></package><package name="src\goatkv\encoding" line-rate="0.9393939393939394" branch-rate="0" complexity="0"><classes><class name="internal_key" filename="src\goatkv\encoding\internal_key.rs" line-rate="0.9069767441860465" branch-rate="0" complexity="0"><methods/><lines><line number="30" hits="18086456103519925967"/><line number="31" hits="18086456103519925967"/><line number="32" hits="792633534417207299"/><line number="33" hits="17221764975064776707"/><line number="34" hits="144115188075883922"/><line number="40" hits="3674937295934337985"/><line number="41" hits="3674937295934337985"/><line number="42" hits="4683743612465328694"/><line number="43" hits="17437937757178560907"/><line number="49" hits="0"/><line number="50" hits="0"/><line number="51" hits="0"/><line number="52" hits="0"/><line number="73" hits="3602879701896396800"/><line number="75" hits="3602879701896396800"/><line number="76" hits="72057594037928331"/><line number="77" hits="72057594037928331"/><line number="82" hits="14123288431433873876"/><line number="83" hits="7061644215716936938"/><line number="86" hits="7061644215716936938"/><line number="96" hits="288230376151711744"/><line number="98" hits="576460752303423488"/><line number="104" hits="8430738502437568512"/><line number="105" hits="8430738502437568512"/><line number="109" hits="4035225266123964416"/><line number="110" hits="4035225266123964416"/><line number="114" hits="1152921504606846976"/><line number="115" hits="2305843009213693952"/><line number="116" hits="2305843009213693952"/><line number="120" hits="5044031582654955520"/><line number="121" hits="5044031582654955520"/><line number="126" hits="3098476543630901248"/><line number="127" hits="3098476543630901248"/><line number="132" hits="144115188075855872"/><line number="133" hits="288230376151711744"/><line number="138" hits="17654110539292344320"/><line number="142" hits="16861477004875137024"/><line number="145" hits="5404319552844578115"/><line number="146" hits="5404319552844578115"/><line number="147" hits="5404319552844578115"/><line number="149" hits="13258597302978751614"/><line number="155" hits="15348267530078656063"/><line number="156" hits="15348267530078656063"/></lines></class><class name="varint" filename="src\goatkv\encoding\varint.rs" line-rate="1" branch-rate="0" complexity="0"><methods/><lines><line number="46" hits="16140901064495857664"/><line number="47" hits="13835058055282163712"/><line number="48" hits="13835058055282163712"/><line number="51" hits="9223372036854775864"/><line number="53" hits="8070450532247928916"/><line number="54" hits="14987979559889010716"/><line number="57" hits="11529215046068469760"/><line number="58" hits="16140901064495857664"/><line number="82" hits="17509995351216488448"/><line number="83" hits="15636497906230362112"/><line number="107" hits="14843864371813154816"/><line number="108" hits="11240984669916758016"/><line number="109" hits="11240984669916758016"/><line number="110" hits="11240984669916758016"/><line number="112" hits="15348267530078650386"/><line number="115" hits="7566047373982433291"/><line number="116" hits="72057594037927947"/><line number="120" hits="7493989779944505344"/><line number="121" hits="7493989779944505344"/><line number="122" hits="7493989779944505344"/><line number="125" hits="7493989779944505344"/><line number="126" hits="14555633995661443065"/><line number="131" hits="216172782113783804"/></lines></class></classes></package><package name="" line-rate="0.6490156143923965" branch-rate="0" complexity="0"><classes></classes></package><package name="src\goatkv\storage" line-rate="0.7229832572298326" branch-rate="0" complexity="0"><classes><class name="block_builder" filename="src\goatkv\storage\block_builder.rs" line-rate="0.9636363636363636" branch-rate="0" complexity="0"><methods/><lines><line number="63" hits="0"/><line number="64" hits="0"/><line number="76" hits="4971973988617027592"/><line number="78" hits="9943947977234055184"/><line number="79" hits="4971973988617027592"/><line number="81" hits="4971973988617027592"/><line number="112" hits="3314649325744685152"/><line number="117" hits="18086456103519912041"/><line number="120" hits="14771806777775226889"/><line number="121" hits="14771806777775226889"/><line number="124" hits="2522015791327478021"/><line number="125" hits="6989586621679009879"/><line number="130" hits="3314649325744685152"/><line number="131" hits="6629298651489370304"/><line number="132" hits="3314649325744685152"/><line number="133" hits="6629298651489370304"/><line number="134" hits="3314649325744685152"/><line number="135" hits="9943947977234055456"/><line number="138" hits="9943947977234055456"/><line number="141" hits="9943947977234055456"/><line number="144" hits="3314649325744685152"/><line number="148" hits="12682136550675316832"/><line number="149" hits="288230376151711744"/><line number="150" hits="288230376151711744"/><line number="151" hits="288230376151711744"/><line number="155" hits="9943947977234055456"/><line number="184" hits="5404319552844595200"/><line number="186" hits="16212958658533785600"/><line number="190" hits="10808639105689190400"/><line number="191" hits="16212958658533785600"/><line number="194" hits="5404319552844595200"/><line number="220" hits="7493989779944505352"/><line number="221" hits="14987979559889010704"/><line number="222" hits="14987979559889010704"/><line number="223" hits="14987979559889010704"/><line number="226" hits="6341068275337658576"/><line number="227" hits="1152921504606847072"/><line number="228" hits="9223372036854775808"/><line number="230" hits="6845471433603154016"/><line number="232" hits="9223372036854775808"/><line number="233" hits="9223372036854775808"/><line number="236" hits="7493989779944505352"/><line number="251" hits="936748722493063168"/><line number="252" hits="1873497444986126336"/><line number="267" hits="72057594037927936"/><line number="268" hits="144115188075855872"/><line number="290" hits="720575940379279360"/><line number="291" hits="720575940379279360"/><line number="310" hits="2305843009213693952"/><line number="311" hits="4611686018427387904"/><line number="312" hits="4611686018427387904"/><line number="313" hits="2305843009213693952"/><line number="314" hits="4611686018427387904"/><line number="333" hits="1945555039024054272"/><line number="334" hits="1945555039024054272"/></lines></class><class name="block_reader" filename="src\goatkv\storage\block_reader.rs" line-rate="0.5534883720930233" branch-rate="0" complexity="0"><methods/><lines><line number="18" hits="1297036692682702848"/><line number="19" hits="1297036692682702848"/><line number="20" hits="72057594037927936"/><line number="24" hits="3674937295934324736"/><line number="25" hits="3674937295934324736"/><line number="26" hits="2449958197289549824"/><line number="27" hits="2449958197289549824"/><line number="28" hits="1224979098644774912"/><line number="29" hits="1224979098644774912"/><line number="30" hits="1224979098644774912"/><line number="32" hits="1224979098644774912"/><line number="35" hits="1008806316530991104"/><line number="36" hits="2017612633061982208"/><line number="37" hits="2017612633061982208"/><line number="38" hits="1008806316530991104"/><line number="43" hits="432345564227567616"/><line number="44" hits="432345564227567616"/><line number="45" hits="144115188075855872"/><line number="49" hits="144115188075855872"/><line number="50" hits="288230376151711744"/><line number="53" hits="216172782113783808"/><line number="54" hits="1801439850948198400"/><line number="55" hits="2594073385365405696"/><line number="56" hits="3458764513820540928"/><line number="57" hits="2594073385365405696"/><line number="58" hits="2594073385365405696"/><line number="59" hits="1729382256910270464"/><line number="60" hits="1729382256910270464"/><line number="62" hits="1729382256910270464"/><line number="66" hits="72057594037927936"/><line number="67" hits="144115188075855872"/><line number="68" hits="72057594037927936"/><line number="69" hits="72057594037927936"/><line number="74" hits="72057594037927936"/><line number="75" hits="72057594037927936"/><line number="80" hits="1369094286720630784"/><line number="81" hits="2738188573441261568"/><line number="83" hits="4107282860161892352"/><line number="87" hits="0"/><line number="88" hits="0"/><line number="90" hits="0"/><line number="91" hits="0"/><line number="92" hits="0"/><line number="95" hits="0"/><line number="96" hits="0"/><line number="97" hits="0"/><line number="98" hits="0"/><line number="100" hits="0"/><line number="102" hits="0"/><line number="104" hits="0"/><line number="105" hits="0"/><line number="107" hits="0"/><line number="109" hits="0"/><line number="111" hits="0"/><line number="115" hits="0"/><line number="117" hits="0"/><line number="123" hits="0"/><line number="124" hits="0"/><line number="128" hits="0"/><line number="129" hits="0"/><line number="130" hits="0"/><line number="133" hits="0"/><line number="134" hits="0"/><line number="136" hits="0"/><line number="139" hits="0"/><line number="141" hits="0"/><line number="142" hits="0"/><line number="143" hits="0"/><line number="145" hits="0"/><line number="147" hits="0"/><line number="148" hits="0"/><line number="150" hits="0"/><line number="153" hits="0"/><line number="154" hits="0"/><line number="156" hits="0"/><line number="157" hits="0"/><line number="158" hits="0"/><line number="159" hits="0"/><line number="162" hits="0"/><line number="163" hits="0"/><line number="165" hits="0"/><line number="166" hits="0"/><line number="168" hits="0"/><line number="169" hits="0"/><line number="171" hits="0"/><line number="173" hits="0"/><line number="177" hits="0"/><line number="178" hits="0"/><line number="183" hits="0"/><line number="187" hits="1369094286720630784"/><line number="188" hits="2738188573441261568"/><line number="189" hits="2738188573441261568"/><line number="191" hits="5260204364768739328"/><line number="192" hits="10376293541461622784"/><line number="193" hits="15564440312192434176"/><line number="195" hits="10376293541461622784"/><line number="196" hits="0"/><line number="200" hits="15564440312192434176"/><line number="202" hits="1369094286720630784"/><line number="203" hits="0"/><line number="205" hits="2738188573441261568"/><line number="208" hits="7638104968020361216"/><line number="209" hits="0"/><line number="211" hits="7638104968020361216"/><line number="212" hits="11457157452030541824"/><line number="213" hits="11457157452030541824"/><line number="214" hits="3819052484010180608"/><line number="217" hits="10376293541461622784"/><line number="218" hits="0"/><line number="220" hits="7782220156096217088"/><line number="221" hits="11673330234144325632"/><line number="223" hits="0"/><line number="224" hits="1152921504606846976"/><line number="226" hits="0"/><line number="228" hits="144115188075855872"/><line number="232" hits="0"/><line number="233" hits="0"/><line number="238" hits="72057594037927936"/><line number="242" hits="0"/><line number="243" hits="0"/><line number="244" hits="0"/><line number="246" hits="0"/><line number="248" hits="0"/><line number="249" hits="0"/><line number="251" hits="0"/><line number="252" hits="0"/><line number="253" hits="0"/><line number="254" hits="0"/><line number="255" hits="0"/><line number="258" hits="0"/><line number="259" hits="0"/><line number="260" hits="0"/><line number="262" hits="0"/><line number="263" hits="0"/><line number="265" hits="0"/><line number="266" hits="0"/><line number="271" hits="0"/><line number="275" hits="3026418949592973312"/><line number="276" hits="3026418949592973312"/><line number="277" hits="1"/><line number="280" hits="6052837899185946622"/><line number="283" hits="15132094747964866555"/><line number="284" hits="3026418949592973311"/><line number="287" hits="15132094747964866555"/><line number="288" hits="3026418949592973311"/><line number="291" hits="15132094747964866555"/><line number="292" hits="3026418949592973311"/><line number="295" hits="3026418949592973311"/><line number="296" hits="0"/><line number="300" hits="12105675798371893244"/><line number="301" hits="3026418949592973311"/><line number="304" hits="12105675798371893244"/><line number="306" hits="12105675798371893244"/><line number="310" hits="1729382256910270464"/><line number="311" hits="1729382256910270464"/><line number="312" hits="1"/><line number="315" hits="3458764513820540926"/><line number="316" hits="3458764513820540926"/><line number="319" hits="3458764513820540926"/><line number="320" hits="3458764513820540926"/><line number="321" hits="1729382256910270463"/><line number="322" hits="1729382256910270463"/><line number="324" hits="0"/><line number="328" hits="3458764513820540926"/><line number="329" hits="3458764513820540926"/><line number="330" hits="1729382256910270463"/><line number="331" hits="1729382256910270463"/><line number="334" hits="3458764513820540926"/><line number="335" hits="5188146770730811389"/><line number="336" hits="3458764513820540926"/><line number="337" hits="1729382256910270463"/><line number="339" hits="0"/><line number="342" hits="0"/><line number="345" hits="1729382256910270463"/><line number="349" hits="14267403619509731328"/><line number="350" hits="14267403619509731328"/><line number="351" hits="6"/><line number="354" hits="5908722711110090734"/><line number="355" hits="10088063165309911028"/><line number="360" hits="0"/><line number="361" hits="0"/><line number="362" hits="0"/><line number="364" hits="0"/><line number="365" hits="0"/><line number="366" hits="0"/><line number="368" hits="0"/><line number="372" hits="0"/><line number="376" hits="864691128455135232"/><line number="377" hits="1729382256910270464"/><line number="390" hits="864691128455135232"/><line number="394" hits="864691128455135232"/><line number="395" hits="864691128455135232"/><line number="406" hits="16933534598913064960"/><line number="407" hits="16933534598913064960"/><line number="408" hits="648518346341351424"/><line number="411" hits="14123288431433875456"/><line number="412" hits="11961560610296037376"/><line number="414" hits="14123288431433875456"/><line number="415" hits="0"/><line number="416" hits="0"/><line number="420" hits="11961560610296037376"/><line number="421" hits="1729382256910270464"/><line number="423" hits="12393906174523604992"/><line number="424" hits="9367487224930631680"/><line number="425" hits="9367487224930631680"/><line number="427" hits="9367487224930631680"/><line number="428" hits="15420325124116578304"/><line number="432" hits="9799832789158199296"/><line number="433" hits="16285016252571713536"/><line number="436" hits="0"/><line number="438" hits="11961560610296037376"/><line number="440" hits="16285016252571713536"/><line number="442" hits="0"/><line number="444" hits="0"/><line number="445" hits="0"/></lines></class><class name="bloom_builder" filename="src\goatkv\storage\bloom_builder.rs" line-rate="0.875" branch-rate="0" complexity="0"><methods/><lines><line number="12" hits="0"/><line number="13" hits="0"/><line number="19" hits="1873497444986126403"/><line number="22" hits="1873497444986126403"/><line number="26" hits="2017612633061982211"/><line number="28" hits="2017612633061982211"/><line number="34" hits="72057594037927936"/><line number="36" hits="288230376151711744"/><line number="37" hits="72057594037927936"/><line number="38" hits="216172782113783808"/><line number="39" hits="216172782113783808"/><line number="42" hits="8214565720323784704"/><line number="44" hits="16429131440647569408"/><line number="45" hits="6196953087261802496"/><line number="46" hits="6196953087261802496"/><line number="50" hits="16429131440647569408"/><line number="54" hits="16429131440647569408"/><line number="56" hits="16429131440647569408"/><line number="58" hits="17437937757178560512"/><line number="59" hits="9223372036854775808"/><line number="60" hits="0"/><line number="63" hits="0"/><line number="67" hits="3314649325744685056"/><line number="68" hits="3314649325744685056"/><line number="72" hits="360287970189639680"/><line number="73" hits="720575940379279360"/><line number="85" hits="864691128455135232"/><line number="92" hits="8142508126285856768"/><line number="93" hits="16285016252571713536"/><line number="95" hits="72057594037927936"/><line number="99" hits="16140901064495857664"/><line number="100" hits="5764607523034234880"/><line number="101" hits="5764607523034234880"/><line number="104" hits="16140901064495857664"/><line number="106" hits="16140901064495857664"/><line number="107" hits="16140901064495857664"/><line number="109" hits="8070450532247928832"/><line number="110" hits="18158513697557839872"/><line number="111" hits="18158513697557839872"/><line number="112" hits="18158513697557839872"/><line number="115" hits="18302628885633695744"/><line number="116" hits="216172782113783806"/><line number="120" hits="17726168133330272260"/><line number="123" hits="7854277750134145026"/><line number="127" hits="432345564227567616"/><line number="128" hits="864691128455135232"/><line number="132" hits="0"/><line number="133" hits="0"/></lines></class><class name="sstable_builder" filename="src\goatkv\storage\sstable_builder.rs" line-rate="0.987012987012987" branch-rate="0" complexity="0"><methods/><lines><line number="142" hits="1657324662872342528"/><line number="143" hits="6629298651489370112"/><line number="145" hits="3314649325744685056"/><line number="149" hits="3314649325744685056"/><line number="151" hits="1657324662872342528"/><line number="152" hits="4971973988617027584"/><line number="153" hits="3314649325744685056"/><line number="154" hits="3314649325744685056"/><line number="155" hits="3314649325744685056"/><line number="156" hits="1657324662872342528"/><line number="157" hits="3314649325744685056"/><line number="158" hits="1657324662872342528"/><line number="176" hits="1945555039024054272"/><line number="177" hits="1945555039024054272"/><line number="178" hits="5404319552844595200"/><line number="180" hits="432345564227567616"/><line number="217" hits="432345564227567616"/><line number="219" hits="1369094286720630792"/><line number="221" hits="1008806316530991120"/><line number="226" hits="1729382256910270464"/><line number="231" hits="17798225727368200192"/><line number="232" hits="14123288431433875456"/><line number="233" hits="16285016252571713536"/><line number="236" hits="3026418949592973312"/><line number="258" hits="504403158265495552"/><line number="261" hits="1513209474796486656"/><line number="265" hits="2017612633061982208"/><line number="269" hits="1008806316530991104"/><line number="270" hits="1513209474796486656"/><line number="271" hits="2017612633061982208"/><line number="272" hits="2017612633061982208"/><line number="275" hits="2017612633061982208"/><line number="276" hits="504403158265495552"/><line number="279" hits="1008806316530991104"/><line number="316" hits="1657324662872342533"/><line number="318" hits="3314649325744685066"/><line number="319" hits="6629298651489370132"/><line number="323" hits="4971973988617027599"/><line number="324" hits="6629298651489370132"/><line number="325" hits="8286623314361712665"/><line number="326" hits="8286623314361712665"/><line number="329" hits="8286623314361712665"/><line number="330" hits="3314649325744685066"/><line number="333" hits="1657324662872342533"/><line number="338" hits="6629298651489370132"/><line number="339" hits="3314649325744685066"/><line number="340" hits="1657324662872342533"/><line number="344" hits="3314649325744685066"/><line number="345" hits="6629298651489370132"/><line number="346" hits="3314649325744685066"/><line number="347" hits="1657324662872342533"/><line number="351" hits="4971973988617027599"/><line number="352" hits="4971973988617027599"/><line number="354" hits="4971973988617027599"/><line number="355" hits="4971973988617027599"/><line number="358" hits="6629298651489370132"/><line number="359" hits="6629298651489370132"/><line number="364" hits="4971973988617027599"/><line number="365" hits="6629298651489370132"/><line number="368" hits="6629298651489370132"/><line number="372" hits="3314649325744685066"/><line number="374" hits="4971973988617027599"/><line number="410" hits="936748722493063168"/><line number="411" hits="1873497444986126336"/><line number="412" hits="1873497444986126336"/><line number="416" hits="4251398048237748224"/><line number="418" hits="2305843009213693952"/><line number="419" hits="1008806316530991104"/><line number="424" hits="8791026472627208192"/><line number="425" hits="2161727821137838080"/><line number="427" hits="360287970189639680"/><line number="428" hits="1080863910568919040"/><line number="429" hits="360287970189639680"/><line number="432" hits="0"/><line number="435" hits="5404319552844595200"/><line number="436" hits="1801439850948198400"/><line number="440" hits="144115188075855872"/></lines></class><class name="sstable_reader" filename="src\goatkv\storage\sstable_reader.rs" line-rate="0.6395939086294417" branch-rate="0" complexity="0"><methods/><lines><line number="48" hits="1657324662872342528"/><line number="52" hits="72057594037927936"/><line number="53" hits="144115188075855872"/><line number="59" hits="504403158265495552"/><line number="60" hits="1513209474796486656"/><line number="61" hits="1513209474796486656"/><line number="64" hits="2017612633061982208"/><line number="65" hits="504403158265495552"/><line number="66" hits="144115188075855872"/><line number="67" hits="144115188075855872"/><line number="68" hits="144115188075855872"/><line number="73" hits="1080863910568919040"/><line number="74" hits="720575940379279360"/><line number="75" hits="1080863910568919040"/><line number="78" hits="1080863910568919040"/><line number="79" hits="1080863910568919040"/><line number="80" hits="720575940379279360"/><line number="81" hits="720575940379279360"/><line number="82" hits="720575940379279360"/><line number="83" hits="720575940379279360"/><line number="84" hits="720575940379279360"/><line number="85" hits="720575940379279360"/><line number="86" hits="360287970189639680"/><line number="87" hits="360287970189639680"/><line number="90" hits="360287970189639680"/><line number="91" hits="0"/><line number="92" hits="0"/><line number="93" hits="0"/><line number="94" hits="0"/><line number="95" hits="0"/><line number="102" hits="720575940379279360"/><line number="105" hits="1441151880758558720"/><line number="106" hits="720575940379279360"/><line number="107" hits="0"/><line number="108" hits="0"/><line number="109" hits="0"/><line number="110" hits="0"/><line number="115" hits="360287970189639680"/><line number="118" hits="1441151880758558720"/><line number="119" hits="720575940379279360"/><line number="120" hits="0"/><line number="121" hits="0"/><line number="122" hits="0"/><line number="123" hits="0"/><line number="128" hits="360287970189639680"/><line number="133" hits="15060037153926938624"/><line number="134" hits="13258597302978740224"/><line number="140" hits="360287970189639680"/><line number="141" hits="0"/><line number="142" hits="0"/><line number="143" hits="0"/><line number="144" hits="0"/><line number="145" hits="0"/><line number="150" hits="360287970189639680"/><line number="151" hits="0"/><line number="152" hits="0"/><line number="153" hits="0"/><line number="154" hits="0"/><line number="155" hits="0"/><line number="160" hits="360287970189639680"/><line number="161" hits="0"/><line number="162" hits="0"/><line number="163" hits="0"/><line number="164" hits="0"/><line number="165" hits="0"/><line number="171" hits="1080863910568919040"/><line number="173" hits="720575940379279360"/><line number="174" hits="1080863910568919040"/><line number="175" hits="1080863910568919040"/><line number="176" hits="1080863910568919040"/><line number="182" hits="720575940379279360"/><line number="183" hits="720575940379279360"/><line number="185" hits="360287970189639680"/><line number="186" hits="0"/><line number="187" hits="0"/><line number="188" hits="0"/><line number="189" hits="0"/><line number="190" hits="0"/><line number="195" hits="720575940379279360"/><line number="196" hits="360287970189639680"/><line number="198" hits="0"/><line number="199" hits="0"/><line number="200" hits="0"/><line number="204" hits="1080863910568919040"/><line number="205" hits="1080863910568919040"/><line number="206" hits="1080863910568919040"/><line number="209" hits="720575940379279360"/><line number="210" hits="720575940379279360"/><line number="211" hits="0"/><line number="212" hits="0"/><line number="213" hits="0"/><line number="214" hits="0"/><line number="220" hits="720575940379279360"/><line number="221" hits="1441151880758558720"/><line number="223" hits="360287970189639680"/><line number="224" hits="0"/><line number="225" hits="0"/><line number="226" hits="0"/><line number="227" hits="0"/><line number="228" hits="0"/><line number="234" hits="1080863910568919040"/><line number="235" hits="720575940379279360"/><line number="236" hits="0"/><line number="237" hits="0"/><line number="238" hits="0"/><line number="239" hits="0"/><line number="245" hits="720575940379279360"/><line number="246" hits="720575940379279360"/><line number="247" hits="720575940379279360"/><line number="248" hits="0"/><line number="249" hits="0"/><line number="250" hits="0"/><line number="251" hits="0"/><line number="256" hits="1080863910568919040"/><line number="257" hits="720575940379279360"/><line number="258" hits="360287970189639680"/><line number="259" hits="360287970189639680"/><line number="264" hits="720575940379279360"/><line number="266" hits="360287970189639680"/><line number="267" hits="1080863910568919040"/><line number="268" hits="720575940379279360"/><line number="269" hits="360287970189639680"/><line number="270" hits="360287970189639680"/><line number="275" hits="576460752303423488"/><line number="276" hits="1729382256910270464"/><line number="280" hits="288230376151711744"/><line number="282" hits="576460752303423488"/><line number="283" hits="72057594037927936"/><line number="292" hits="1080863910568919040"/><line number="306" hits="432345564227567616"/><line number="307" hits="648518346341351424"/><line number="312" hits="432345564227567616"/><line number="313" hits="216172782113783808"/><line number="315" hits="648518346341351424"/><line number="318" hits="432345564227567616"/><line number="320" hits="432345564227567616"/><line number="321" hits="432345564227567616"/><line number="324" hits="0"/><line number="327" hits="864691128455135232"/><line number="329" hits="648518346341351424"/><line number="330" hits="432345564227567616"/><line number="331" hits="0"/><line number="335" hits="648518346341351424"/><line number="336" hits="648518346341351424"/><line number="337" hits="648518346341351424"/><line number="340" hits="432345564227567616"/><line number="341" hits="432345564227567616"/><line number="342" hits="0"/><line number="343" hits="0"/><line number="344" hits="0"/><line number="345" hits="0"/><line number="351" hits="1152921504606846976"/><line number="353" hits="360287970189639680"/><line number="354" hits="0"/><line number="356" hits="1080863910568919040"/><line number="359" hits="720575940379279360"/><line number="360" hits="144115188075855872"/><line number="364" hits="432345564227567616"/><line number="365" hits="648518346341351424"/><line number="366" hits="648518346341351424"/><line number="367" hits="648518346341351424"/><line number="368" hits="648518346341351424"/><line number="369" hits="648518346341351424"/><line number="370" hits="648518346341351424"/><line number="371" hits="648518346341351424"/><line number="372" hits="432345564227567616"/><line number="375" hits="648518346341351424"/><line number="377" hits="432345564227567616"/><line number="381" hits="432345564227567616"/><line number="382" hits="216172782113783808"/><line number="383" hits="0"/><line number="385" hits="216172782113783808"/><line number="390" hits="0"/><line number="395" hits="0"/><line number="399" hits="216172782113783808"/><line number="400" hits="432345564227567616"/><line number="401" hits="0"/><line number="405" hits="432345564227567616"/><line number="406" hits="648518346341351424"/><line number="408" hits="432345564227567616"/><line number="409" hits="432345564227567616"/><line number="410" hits="432345564227567616"/><line number="411" hits="0"/><line number="412" hits="216172782113783808"/><line number="417" hits="432345564227567616"/><line number="418" hits="432345564227567616"/><line number="419" hits="216172782113783808"/><line number="420" hits="0"/><line number="422" hits="0"/><line number="423" hits="0"/><line number="425" hits="0"/><line number="430" hits="72057594037927936"/><line number="431" hits="288230376151711744"/><line number="435" hits="0"/><line number="436" hits="0"/><line number="440" hits="144115188075855872"/><line number="441" hits="288230376151711744"/></lines></class><class name="wal_manager" filename="src\goatkv\storage\wal_manager.rs" line-rate="0.9076923076923077" branch-rate="0" complexity="0"><methods/><lines><line number="43" hits="792633534417207296"/><line number="44" hits="1585267068834414592"/><line number="47" hits="1585267068834414592"/><line number="48" hits="2377900603251621888"/><line number="49" hits="792633534417207296"/><line number="65" hits="1441151880758558720"/><line number="66" hits="1441151880758558720"/><line number="67" hits="7205759403792793600"/><line number="70" hits="4323455642275676160"/><line number="73" hits="1441151880758558720"/><line number="74" hits="2882303761517117440"/><line number="77" hits="4323455642275676160"/><line number="80" hits="1441151880758558720"/><line number="81" hits="4323455642275676160"/><line number="84" hits="4323455642275676160"/><line number="87" hits="4323455642275676160"/><line number="90" hits="2882303761517117440"/><line number="107" hits="1729382256910270464"/><line number="108" hits="3458764513820540928"/><line number="111" hits="5188146770730811392"/><line number="112" hits="5188146770730811392"/><line number="113" hits="6917529027641081856"/><line number="114" hits="5188146770730811392"/><line number="115" hits="5188146770730811392"/><line number="117" hits="3458764513820540928"/><line number="129" hits="288230376151711744"/><line number="130" hits="1152921504606846976"/><line number="131" hits="864691128455135232"/><line number="132" hits="288230376151711744"/><line number="139" hits="432345564227567616"/><line number="141" hits="864691128455135232"/><line number="142" hits="864691128455135232"/><line number="143" hits="216172782113783808"/><line number="144" hits="216172782113783808"/><line number="145" hits="216172782113783808"/><line number="147" hits="216172782113783808"/><line number="150" hits="0"/><line number="154" hits="648518346341351424"/><line number="157" hits="432345564227567616"/><line number="158" hits="432345564227567616"/><line number="159" hits="0"/><line number="161" hits="648518346341351424"/><line number="164" hits="432345564227567616"/><line number="165" hits="648518346341351424"/><line number="166" hits="432345564227567616"/><line number="167" hits="0"/><line number="171" hits="432345564227567616"/><line number="172" hits="432345564227567616"/><line number="173" hits="0"/><line number="175" hits="648518346341351424"/><line number="178" hits="864691128455135232"/><line number="181" hits="432345564227567616"/><line number="182" hits="432345564227567616"/><line number="183" hits="0"/><line number="185" hits="648518346341351424"/><line number="188" hits="648518346341351424"/><line number="189" hits="432345564227567616"/><line number="190" hits="0"/><line number="194" hits="1080863910568919040"/><line number="195" hits="144115188075855872"/><line number="196" hits="144115188075855872"/><line number="197" hits="144115188075855872"/><line number="198" hits="144115188075855872"/><line number="199" hits="144115188075855872"/><line number="204" hits="144115188075855872"/></lines></class></classes></package><package name="src" line-rate="0.6490156143923965" branch-rate="0" complexity="0"><classes></classes></package><package name="src\goatkv\core" line-rate="0.7774798927613941" branch-rate="0" complexity="0"><classes><class name="flush_worker" filename="src\goatkv\core\flush_worker.rs" line-rate="0.7333333333333333" branch-rate="0" complexity="0"><methods/><lines><line number="36" hits="504403158265495552"/><line number="37" hits="1513209474796486656"/><line number="39" hits="1513209474796486656"/><line number="40" hits="2017612633061982208"/><line number="57" hits="72057594037927936"/><line number="58" hits="216172782113783808"/><line number="68" hits="504403158265495552"/><line number="73" hits="648518346341351424"/><line number="74" hits="72057594037927936"/><line number="75" hits="216172782113783808"/><line number="76" hits="144115188075855872"/><line number="77" hits="0"/><line number="78" hits="0"/><line number="79" hits="0"/><line number="84" hits="144115188075855872"/><line number="85" hits="216172782113783808"/><line number="86" hits="144115188075855872"/><line number="87" hits="144115188075855872"/><line number="89" hits="0"/><line number="90" hits="0"/><line number="94" hits="72057594037927936"/><line number="96" hits="144115188075855872"/><line number="97" hits="144115188075855872"/><line number="98" hits="216172782113783808"/><line number="108" hits="72057594037927936"/><line number="109" hits="144115188075855872"/><line number="110" hits="144115188075855872"/><line number="116" hits="360287970189639680"/><line number="117" hits="216172782113783808"/><line number="120" hits="144115188075855872"/><line number="121" hits="144115188075855872"/><line number="122" hits="0"/><line number="123" hits="0"/><line number="124" hits="0"/><line number="128" hits="144115188075855872"/><line number="129" hits="144115188075855872"/><line number="130" hits="0"/><line number="131" hits="0"/><line number="132" hits="0"/><line number="135" hits="0"/><line number="141" hits="216172782113783808"/><line number="144" hits="72057594037927936"/><line number="145" hits="72057594037927936"/><line number="146" hits="288230376151711744"/><line number="149" hits="144115188075855872"/></lines></class><class name="kv_engine" filename="src\goatkv\core\kv_engine.rs" line-rate="0.7291666666666666" branch-rate="0" complexity="0"><methods/><lines><line number="35" hits="0"/><line number="36" hits="0"/><line number="42" hits="0"/><line number="43" hits="0"/><line number="44" hits="0"/><line number="55" hits="504403158265495552"/><line number="57" hits="2017612633061982208"/><line number="60" hits="1008806316530991104"/><line number="63" hits="1513209474796486656"/><line number="66" hits="504403158265495552"/><line number="67" hits="0"/><line number="71" hits="1513209474796486656"/><line number="72" hits="504403158265495552"/><line number="75" hits="2522015791327477760"/><line number="78" hits="3026418949592973312"/><line number="80" hits="504403158265495552"/><line number="81" hits="1008806316530991104"/><line number="82" hits="2017612633061982208"/><line number="83" hits="1513209474796486656"/><line number="84" hits="1008806316530991104"/><line number="85" hits="1513209474796486656"/><line number="86" hits="504403158265495552"/><line number="87" hits="504403158265495552"/><line number="94" hits="504403158265495552"/><line number="95" hits="1008806316530991104"/><line number="96" hits="2017612633061982208"/><line number="100" hits="0"/><line number="101" hits="0"/><line number="102" hits="0"/><line number="103" hits="0"/><line number="104" hits="0"/><line number="105" hits="0"/><line number="107" hits="0"/><line number="108" hits="0"/><line number="112" hits="0"/><line number="118" hits="72057594037928726"/><line number="119" hits="72057594037928726"/><line number="122" hits="1080863910568919040"/><line number="123" hits="3242591731706757120"/><line number="124" hits="3242591731706757120"/><line number="125" hits="3242591731706757120"/><line number="128" hits="4035225266123964416"/><line number="129" hits="936748722493063168"/><line number="130" hits="648518346341351424"/><line number="132" hits="288230376151711744"/><line number="137" hits="144115188075855872"/><line number="138" hits="0"/><line number="139" hits="0"/><line number="140" hits="0"/><line number="142" hits="0"/><line number="148" hits="432345564227567616"/><line number="149" hits="216172782113783808"/><line number="150" hits="216172782113783808"/><line number="151" hits="216172782113783808"/><line number="152" hits="144115188075855872"/><line number="153" hits="0"/><line number="154" hits="0"/><line number="155" hits="0"/><line number="156" hits="0"/><line number="162" hits="72057594037927936"/><line number="165" hits="864691128455135232"/><line number="167" hits="4323455642275676160"/><line number="170" hits="1729382256910270464"/><line number="173" hits="1729382256910270464"/><line number="177" hits="864691128455135232"/><line number="178" hits="2594073385365405696"/><line number="179" hits="3458764513820540928"/><line number="180" hits="864691128455135232"/><line number="185" hits="864691128455135232"/><line number="186" hits="0"/><line number="190" hits="288230376151711744"/><line number="192" hits="288230376151711744"/><line number="193" hits="1152921504606846976"/><line number="196" hits="576460752303423488"/><line number="199" hits="864691128455135232"/><line number="203" hits="288230376151711744"/><line number="204" hits="864691128455135232"/><line number="205" hits="1152921504606846976"/><line number="206" hits="288230376151711744"/><line number="211" hits="288230376151711744"/><line number="212" hits="0"/><line number="216" hits="72057594037927936"/><line number="217" hits="72057594037927936"/><line number="218" hits="216172782113783808"/><line number="221" hits="216172782113783808"/><line number="224" hits="216172782113783808"/><line number="227" hits="72057594037927936"/><line number="228" hits="72057594037927936"/><line number="229" hits="216172782113783808"/><line number="230" hits="288230376151711744"/><line number="232" hits="72057594037927936"/><line number="236" hits="288230376151711744"/><line number="237" hits="216172782113783808"/><line number="238" hits="72057594037927936"/><line number="239" hits="72057594037927936"/><line number="241" hits="0"/></lines></class><class name="lsm_state" filename="src\goatkv\core\lsm_state.rs" line-rate="1" branch-rate="0" complexity="0"><methods/><lines><line number="21" hits="504403158265495552"/><line number="23" hits="2017612633061982208"/><line number="24" hits="504403158265495552"/><line number="25" hits="504403158265495552"/></lines></class><class name="mem_table" filename="src\goatkv\core\mem_table.rs" line-rate="0.6666666666666666" branch-rate="0" complexity="0"><methods/><lines><line number="17" hits="1152921504606846976"/><line number="19" hits="2305843009213693952"/><line number="25" hits="17870283321406128128"/><line number="26" hits="16140901064495857664"/><line number="30" hits="1152921504606846976"/><line number="31" hits="2305843009213693952"/><line number="32" hits="2017612633061982208"/><line number="33" hits="1008806316530991104"/><line number="34" hits="1008806316530991104"/><line number="36" hits="0"/><line number="39" hits="144115188075855872"/><line number="44" hits="1152921504606846976"/><line number="45" hits="3458764513820540928"/><line number="48" hits="1152921504606846976"/><line number="49" hits="6196953087261802496"/><line number="52" hits="72057594037927939"/><line number="53" hits="288230376151711756"/><line number="57" hits="144115188075857452"/><line number="63" hits="1152921504606846976"/><line number="64" hits="2305843009213693952"/><line number="67" hits="72057594037927936"/><line number="68" hits="144115188075855872"/><line number="71" hits="0"/><line number="72" hits="0"/><line number="75" hits="0"/><line number="76" hits="0"/><line number="91" hits="144115188075855872"/><line number="92" hits="576460752303423488"/><line number="103" hits="1152921504606846976"/><line number="105" hits="2305843009213693952"/><line number="110" hits="17870283321406128128"/><line number="111" hits="16717361816799281152"/><line number="115" hits="1152921504606846976"/><line number="116" hits="2305843009213693952"/><line number="120" hits="0"/><line number="121" hits="0"/><line number="125" hits="1152921504606846976"/><line number="126" hits="1152921504606846976"/><line number="129" hits="72057594037927936"/><line number="130" hits="72057594037927936"/><line number="133" hits="0"/><line number="134" hits="0"/><line number="137" hits="0"/><line number="138" hits="0"/><line number="141" hits="72057594037927939"/><line number="142" hits="144115188075855878"/><line number="152" hits="72057594037927936"/><line number="157" hits="0"/><line number="158" hits="0"/><line number="162" hits="0"/><line number="163" hits="0"/><line number="166" hits="0"/><line number="167" hits="0"/><line number="170" hits="0"/><line number="171" hits="0"/><line number="174" hits="72057594037927936"/><line number="175" hits="72057594037927936"/></lines></class><class name="skip_list" filename="src\goatkv\core\skip_list.rs" line-rate="0.847953216374269" branch-rate="0" complexity="0"><methods/><lines><line number="27" hits="1441151880758558720"/><line number="28" hits="1441151880758558720"/><line number="31" hits="1441151880758558720"/><line number="33" hits="2882303761517117440"/><line number="34" hits="2882303761517117440"/><line number="40" hits="0"/><line number="41" hits="0"/><line number="42" hits="0"/><line number="44" hits="0"/><line number="45" hits="0"/><line number="46" hits="0"/><line number="50" hits="0"/><line number="51" hits="0"/><line number="52" hits="0"/><line number="55" hits="0"/><line number="56" hits="0"/><line number="58" hits="0"/><line number="59" hits="0"/><line number="63" hits="8863084066665136136"/><line number="64" hits="8142508126285856792"/><line number="65" hits="8142508126285856792"/><line number="68" hits="8142508126285856792"/><line number="69" hits="17726168133330272272"/><line number="70" hits="17726168133330272272"/><line number="72" hits="17726168133330272272"/><line number="74" hits="13114482114902885151"/><line number="76" hits="13114482114902885142"/><line number="77" hits="14339461213547661239"/><line number="79" hits="13114482114902885142"/><line number="81" hits="45"/><line number="83" hits="1224979098644776124"/><line number="87" hits="6917529027641080668"/><line number="89" hits="11529215046068467780"/><line number="93" hits="6917529027641080668"/><line number="96" hits="2305843009213693556"/><line number="97" hits="2305843009213693556"/><line number="101" hits="1224979098644774912"/><line number="102" hits="1224979098644774912"/><line number="107" hits="0"/><line number="108" hits="0"/><line number="134" hits="4827858800541198286"/><line number="136" hits="9655717601082396572"/><line number="137" hits="9655717601082396572"/><line number="142" hits="10520408729537480237"/><line number="144" hits="13114482114902889095"/><line number="145" hits="2594073385365408858"/><line number="150" hits="4827858800541171712"/><line number="151" hits="9655717601082343424"/><line number="155" hits="10520408729537505230"/><line number="156" hits="2594073385365458844"/><line number="181" hits="1441151880758559510"/><line number="182" hits="2882303761517119020"/><line number="185" hits="1441151880758559908"/><line number="187" hits="5764607523034239632"/><line number="194" hits="1441151880758559908"/><line number="199" hits="2305843009213695533"/><line number="201" hits="4611686018427391066"/><line number="202" hits="4611686018427391066"/><line number="203" hits="4611686018427391066"/><line number="204" hits="4611686018427391066"/><line number="206" hits="11529215046068477665"/><line number="207" hits="6917529027641086599"/><line number="211" hits="4899916394579104787"/><line number="213" hits="3458764513820545672"/><line number="221" hits="2882303761517118230"/><line number="223" hits="1441151880758559115"/><line number="227" hits="4611686018427391066"/><line number="228" hits="12826251738751171027"/><line number="229" hits="2594073385365399372"/><line number="232" hits="4611686018427391066"/><line number="236" hits="864691128455135232"/><line number="237" hits="1729382256910270464"/><line number="239" hits="1729382256910272834"/><line number="240" hits="13618885273168380299"/><line number="242" hits="864691128455135232"/><line number="251" hits="864691128455135232"/><line number="252" hits="1729382256910270464"/><line number="253" hits="1729382256910270464"/><line number="256" hits="11385099857992614283"/><line number="257" hits="0"/><line number="258" hits="18158513697557864768"/><line number="259" hits="4539628424389466192"/><line number="260" hits="15636497906230374032"/><line number="261" hits="10016005571272018864"/><line number="262" hits="12826251738751196448"/><line number="263" hits="9223372036854775807"/><line number="264" hits="0"/><line number="267" hits="18446744073709546316"/><line number="269" hits="9223372036854775808"/><line number="272" hits="7349874591868643776"/><line number="275" hits="9655717601082349119"/><line number="279" hits="2594073385365421596"/><line number="280" hits="4323455642275702660"/><line number="283" hits="864691128455140532"/><line number="284" hits="720575940379305836"/><line number="285" hits="4179340454199813669"/><line number="287" hits="1801439850948205019"/><line number="291" hits="1729382256910285574"/><line number="292" hits="15852670688344133345"/><line number="293" hits="13258597302978712704"/><line number="296" hits="11961560610296002976"/><line number="298" hits="14555633995661422432"/><line number="303" hits="864691128455140532"/><line number="304" hits="864691128455140532"/><line number="308" hits="11745387828182253568"/><line number="309" hits="5044031582654955520"/><line number="311" hits="14195346025471803782"/><line number="312" hits="0"/><line number="313" hits="2017612633062015016"/><line number="314" hits="504403158265503754"/><line number="315" hits="9655717601082356896"/><line number="316" hits="10520408729537519072"/><line number="317" hits="864691128455162176"/><line number="318" hits="9799832789158207108"/><line number="319" hits="9223372036854775807"/><line number="320" hits="15420325124116570102"/><line number="323" hits="9223372036854775807"/><line number="327" hits="9223372036854775808"/><line number="331" hits="1369094286720630784"/><line number="332" hits="2738188573441261568"/><line number="334" hits="7133701809754865664"/><line number="335" hits="0"/><line number="336" hits="8070450532247928832"/><line number="337" hits="6629298651489370112"/><line number="338" hits="5692549928996306944"/><line number="339" hits="17077649786988920832"/><line number="340" hits="13618885273168379904"/><line number="341" hits="2233785415175766016"/><line number="343" hits="1224979098644774911"/><line number="346" hits="936748722493063168"/><line number="352" hits="4107282860161892352"/><line number="353" hits="3891110078048108544"/><line number="354" hits="3458764513820540928"/><line number="355" hits="1152921504606846976"/><line number="360" hits="0"/><line number="361" hits="0"/><line number="364" hits="144115188075864074"/><line number="365" hits="144115188075864074"/><line number="368" hits="0"/><line number="369" hits="0"/><line number="373" hits="1224979098644774912"/><line number="374" hits="2449958197289549824"/><line number="378" hits="216172782113783808"/><line number="379" hits="648518346341351424"/><line number="387" hits="72057594037927936"/><line number="388" hits="144115188075855872"/><line number="391" hits="648518346341351424"/><line number="392" hits="0"/><line number="393" hits="4611686018427387904"/><line number="394" hits="1152921504606846976"/><line number="395" hits="1008806316530991104"/><line number="396" hits="3026418949592973312"/><line number="397" hits="2666130979403333632"/><line number="398" hits="648518346341351424"/><line number="400" hits="360287970189639680"/><line number="403" hits="144115188075855872"/><line number="408" hits="216172782113783808"/><line number="438" hits="12249790986447749120"/><line number="439" hits="6052837899185946624"/><line number="440" hits="17654110539292344320"/><line number="441" hits="12033618204333965312"/><line number="444" hits="17654110539292344320"/><line number="464" hits="792633534417207686"/><line number="465" hits="1585267068834415372"/><line number="466" hits="2377900603251623058"/><line number="467" hits="1585267068834415372"/><line number="468" hits="720575940379279360"/><line number="469" hits="2161727821137838080"/><line number="471" hits="72057594037928326"/><line number="481" hits="0"/><line number="482" hits="0"/></lines></class></classes></package><package name="tests\common" line-rate="0" branch-rate="0" complexity="0"><classes></classes></package><package name="tests\e2e" line-rate="0" branch-rate="0" complexity="0"><classes></classes></package></packages></coverage>